<?xml version="1.0" encoding="UTF-8"?>
<!-- Generated by org.testng.reporters.JUnitXMLReporter -->
<testsuite hostname="Ajeet" ignored="1" name="Default test" tests="2" failures="0" timestamp="2020-01-04T11:54:54 IST" time="0.107" errors="0">
  <testcase name="getcredential2" time="0.015" classname="com.TestNG.DataProviderSucess"/>
  <testcase name="getcredential2" time="0.003" classname="com.TestNG.DataProviderSucess"/>
  <testcase name="getcredential" time="0.0" classname="com.TestNG.DataProviderSucess">
    <ignored/>
  </testcase> <!-- getcredential -->
</testsuite> <!-- Default test -->
