<?xml version="1.0" encoding="UTF-8"?>
<!-- Generated by org.testng.reporters.JUnitXMLReporter -->
<testsuite hostname="Ajeet" ignored="0" name="testRunner2" tests="3" failures="0" timestamp="2020-01-03T17:25:02 IST" time="5.249" errors="0">
  <testcase name="parallel1" time="4.432" classname="com.TestNG.Parallel1"/>
  <testcase name="parallel1" time="5.182" classname="com.TestNG.Parallel2"/>
  <testcase name="parallel1" time="5.288" classname="com.TestNG.Parallel3"/>
</testsuite> <!-- testRunner2 -->
