<?xml version="1.0" encoding="UTF-8"?>
<testng-results skipped="0" failed="0" ignored="1" total="3" passed="2">
  <reporter-output>
    <line>
      <![CDATA[admin1  manager1]]>
    </line>
    <line>
      <![CDATA[admin2  manager2]]>
    </line>
  </reporter-output>
  <suite name="Default suite" duration-ms="107" started-at="2020-01-04T11:54:54 IST" finished-at="2020-01-04T11:54:54 IST">
    <groups>
    </groups>
    <test name="Default test" duration-ms="107" started-at="2020-01-04T11:54:54 IST" finished-at="2020-01-04T11:54:54 IST">
      <class name="com.TestNG.DataProviderSucess">
        <test-method status="PASS" signature="getcredential2(java.lang.String, java.lang.String)[pri:0, instance:com.TestNG.DataProviderSucess@6f1fba17]" name="getcredential2" duration-ms="15" started-at="2020-01-04T11:54:54 IST" data-provider="db1" finished-at="2020-01-04T11:54:54 IST">
          <params>
            <param index="0">
              <value>
                <![CDATA[admin1]]>
              </value>
            </param>
            <param index="1">
              <value>
                <![CDATA[manager1]]>
              </value>
            </param>
          </params>
          <reporter-output>
            <line>
              <![CDATA[admin1  manager1]]>
            </line>
          </reporter-output>
        </test-method> <!-- getcredential2 -->
        <test-method status="PASS" signature="getcredential2(java.lang.String, java.lang.String)[pri:0, instance:com.TestNG.DataProviderSucess@6f1fba17]" name="getcredential2" duration-ms="3" started-at="2020-01-04T11:54:54 IST" data-provider="db1" finished-at="2020-01-04T11:54:54 IST">
          <params>
            <param index="0">
              <value>
                <![CDATA[admin2]]>
              </value>
            </param>
            <param index="1">
              <value>
                <![CDATA[manager2]]>
              </value>
            </param>
          </params>
          <reporter-output>
            <line>
              <![CDATA[admin2  manager2]]>
            </line>
          </reporter-output>
        </test-method> <!-- getcredential2 -->
      </class> <!-- com.TestNG.DataProviderSucess -->
    </test> <!-- Default test -->
  </suite> <!-- Default suite -->
</testng-results>
